[debug] [2022-03-11T12:49:49.278Z] ----------------------------------------------------------------------
[debug] [2022-03-11T12:49:49.279Z] Command:       /usr/local/bin/node /usr/local/bin/firebase deploy
[debug] [2022-03-11T12:49:49.280Z] CLI Version:   10.2.2
[debug] [2022-03-11T12:49:49.280Z] Platform:      darwin
[debug] [2022-03-11T12:49:49.280Z] Node Version:  v14.17.3
[debug] [2022-03-11T12:49:49.280Z] Time:          Fri Mar 11 2022 18:19:49 GMT+0530 (India Standard Time)
[debug] [2022-03-11T12:49:49.280Z] ----------------------------------------------------------------------
[debug] 
[debug] [2022-03-11T12:49:49.333Z] > command requires scopes: ["email","openid","https://www.googleapis.com/auth/cloudplatformprojects.readonly","https://www.googleapis.com/auth/firebase","https://www.googleapis.com/auth/cloud-platform"]
[debug] [2022-03-11T12:49:49.333Z] > authorizing via signed-in user (vygneshwaran@gmail.com)
[debug] [2022-03-11T12:49:49.334Z] [iam] checking project letsask-f4407 for permissions ["firebase.projects.get","firebasehosting.sites.update"]
[debug] [2022-03-11T12:49:49.335Z] >>> [apiv2][query] POST https://cloudresourcemanager.googleapis.com/v1/projects/letsask-f4407:testIamPermissions [none]
[debug] [2022-03-11T12:49:49.335Z] >>> [apiv2][body] POST https://cloudresourcemanager.googleapis.com/v1/projects/letsask-f4407:testIamPermissions {"permissions":["firebase.projects.get","firebasehosting.sites.update"]}
[debug] [2022-03-11T12:49:50.583Z] <<< [apiv2][status] POST https://cloudresourcemanager.googleapis.com/v1/projects/letsask-f4407:testIamPermissions 200
[debug] [2022-03-11T12:49:50.584Z] <<< [apiv2][body] POST https://cloudresourcemanager.googleapis.com/v1/projects/letsask-f4407:testIamPermissions {"permissions":["firebase.projects.get","firebasehosting.sites.update"]}
[debug] [2022-03-11T12:49:50.586Z] >>> [apiv2][query] GET https://firebase.googleapis.com/v1beta1/projects/letsask-f4407 [none]
[debug] [2022-03-11T12:49:51.213Z] <<< [apiv2][status] GET https://firebase.googleapis.com/v1beta1/projects/letsask-f4407 200
[debug] [2022-03-11T12:49:51.214Z] <<< [apiv2][body] GET https://firebase.googleapis.com/v1beta1/projects/letsask-f4407 {"projectId":"letsask-f4407","projectNumber":"254366609396","displayName":"letsask","name":"projects/letsask-f4407","resources":{"hostingSite":"letsask-f4407"},"state":"ACTIVE"}
[info] 
[info] === Deploying to 'letsask-f4407'...
[info] 
[info] i  deploying hosting 
[debug] [2022-03-11T12:49:51.218Z] >>> [apiv2][query] GET https://firebase.googleapis.com/v1beta1/projects/letsask-f4407 [none]
[debug] [2022-03-11T12:49:51.561Z] <<< [apiv2][status] GET https://firebase.googleapis.com/v1beta1/projects/letsask-f4407 200
[debug] [2022-03-11T12:49:51.561Z] <<< [apiv2][body] GET https://firebase.googleapis.com/v1beta1/projects/letsask-f4407 {"projectId":"letsask-f4407","projectNumber":"254366609396","displayName":"letsask","name":"projects/letsask-f4407","resources":{"hostingSite":"letsask-f4407"},"state":"ACTIVE"}
[debug] [2022-03-11T12:49:51.567Z] >>> [apiv2][query] POST https://firebasehosting.googleapis.com/v1beta1/projects/254366609396/sites/letsask-f4407/versions [none]
[debug] [2022-03-11T12:49:51.568Z] >>> [apiv2][body] POST https://firebasehosting.googleapis.com/v1beta1/projects/254366609396/sites/letsask-f4407/versions {"config":{"rewrites":[{"glob":"**","path":"/index.html"}]},"labels":{"deployment-tool":"cli-firebase"}}
[debug] [2022-03-11T12:49:53.196Z] <<< [apiv2][status] POST https://firebasehosting.googleapis.com/v1beta1/projects/254366609396/sites/letsask-f4407/versions 200
[debug] [2022-03-11T12:49:53.196Z] <<< [apiv2][body] POST https://firebasehosting.googleapis.com/v1beta1/projects/254366609396/sites/letsask-f4407/versions {"name":"projects/254366609396/sites/letsask-f4407/versions/289541800b05cb2e","status":"CREATED","config":{"rewrites":[{"glob":"**","path":"/index.html"}]},"labels":{"deployment-tool":"cli-firebase"}}
[info] i  hosting[letsask-f4407]: beginning deploy... 
[info] i  hosting[letsask-f4407]: found 18 files in build 
[debug] [2022-03-11T12:49:53.431Z] [hosting] hash cache [YnVpbGQ] stored for 18 files
[debug] [2022-03-11T12:49:53.431Z] [hosting][hash queue][FINAL] {"max":202,"min":12,"avg":26.944444444444443,"active":0,"complete":18,"success":18,"errored":0,"retried":0,"total":18,"elapsed":209}
[debug] [2022-03-11T12:49:53.431Z] >>> [apiv2][query] POST https://firebasehosting.googleapis.com/v1beta1/projects/254366609396/sites/letsask-f4407/versions/289541800b05cb2e:populateFiles [none]
[debug] [2022-03-11T12:49:53.431Z] >>> [apiv2][body] POST https://firebasehosting.googleapis.com/v1beta1/projects/254366609396/sites/letsask-f4407/versions/289541800b05cb2e:populateFiles {"files":{"/asset-manifest.json":"f21cac11764c9d647db3c2380e1ca34039b0d5cf51bbb24e3fcb5ef87dbcc40b","/icon-192x192.png":"691e0a4e5fd4fbc69a8958e6b3c862cbe201d14e1ce5d3d3b60531e6107a6278","/manifest.json":"6c32fe7a4bd5daf3926883220f3854f0bdb001951feb713a4bf770c3126e4eb5","/icon-256x256.png":"7974fe021a72a12d3f611e0fb5cbf894ba849bb1a67b11b6c621c9638a7d44be","/index.html":"622a33d5613d215a60d7aa842effc67680cb17c0c7c3c5f54ced77eaf0a9d556","/robots.txt":"391d14b3c2f8c9143a27a28c7399585142228d4d1bdbe2c87ac946de411fa9a2","/icon-512x512.png":"932cee144813c1e193a3b0f86cb990c493f324d49b5f270dbf0bcd4213e1e799","/static/js/787.89cfc83f.chunk.js":"48ca35b4c2406dd59a453db1a837314171405bdca8f614302502e53c33e49cd6","/static/js/main.e989e5e1.js.LICENSE.txt":"86372d9ba09b317da308a564d7d7f415e36baead937d6c06e820c28fac229fc1","/static/media/github-logo.3c64f74c21539962299f9cc372ba09d1.svg":"7f4e28cd41fe27b9f54f4192bdc3a7cef51de9281419703dd0438d12971e6b81","/static/media/logo.6ce24c58023cc2f8fd88fe9d219db6c6.svg":"5f6ecf30024a00eebae8bb333ddc0f1c3d19fd8e7e6838404547f41abb63a8e8","/static/js/787.89cfc83f.chunk.js.map":"9183a1bb62e26d1bcea232f78f0cc99f8555b3c680eb46ea23afe8c4eae5e350","/icon-384x384.png":"8c71c9f3c14172b0fc25894f42ab1690d96a3173921e472ad982d09bdc4091e5","/static/css/main.210b40aa.css":"6954e2c6ac40610e2024ba9f45fec77483b1f4abb0c1fb390490329c0e3ed872","/static/media/twitter-logo.d89d9a86ae1051fd6dd2db222532cd2b.svg":"2b65f24d9516bf8cf6b0fb4f751962afe66004c68632a855d4279c6a7fbc8616","/static/css/main.210b40aa.css.map":"d1c4434f8d9de675ebd03c349992c81836a944230981620ac9dd0fe217754f9c","/static/js/main.e989e5e1.js":"dbb41c0a87e2ecfc099a263b12d68ca157b81aba053d5db4044aefb749404b1b","/static/js/main.e989e5e1.js.map":"5f9aeb72371f35e2cb8655e6a527964c1c67b9b2bfec7241a568044ae8513678"}}
[debug] [2022-03-11T12:49:54.992Z] <<< [apiv2][status] POST https://firebasehosting.googleapis.com/v1beta1/projects/254366609396/sites/letsask-f4407/versions/289541800b05cb2e:populateFiles 200
[debug] [2022-03-11T12:49:54.992Z] <<< [apiv2][body] POST https://firebasehosting.googleapis.com/v1beta1/projects/254366609396/sites/letsask-f4407/versions/289541800b05cb2e:populateFiles {"uploadRequiredHashes":["5f9aeb72371f35e2cb8655e6a527964c1c67b9b2bfec7241a568044ae8513678","f21cac11764c9d647db3c2380e1ca34039b0d5cf51bbb24e3fcb5ef87dbcc40b","622a33d5613d215a60d7aa842effc67680cb17c0c7c3c5f54ced77eaf0a9d556","dbb41c0a87e2ecfc099a263b12d68ca157b81aba053d5db4044aefb749404b1b"],"uploadUrl":"https://upload-firebasehosting.googleapis.com/upload/sites/letsask-f4407/versions/289541800b05cb2e/files"}
[debug] [2022-03-11T12:49:54.995Z] >>> [apiv2][query] POST https://upload-firebasehosting.googleapis.com/upload/sites/letsask-f4407/versions/289541800b05cb2e/files/5f9aeb72371f35e2cb8655e6a527964c1c67b9b2bfec7241a568044ae8513678 [none]
[debug] [2022-03-11T12:49:54.996Z] >>> [apiv2][body] POST https://upload-firebasehosting.googleapis.com/upload/sites/letsask-f4407/versions/289541800b05cb2e/files/5f9aeb72371f35e2cb8655e6a527964c1c67b9b2bfec7241a568044ae8513678 [stream]
[debug] [2022-03-11T12:49:55.000Z] >>> [apiv2][query] POST https://upload-firebasehosting.googleapis.com/upload/sites/letsask-f4407/versions/289541800b05cb2e/files/f21cac11764c9d647db3c2380e1ca34039b0d5cf51bbb24e3fcb5ef87dbcc40b [none]
[debug] [2022-03-11T12:49:55.000Z] >>> [apiv2][body] POST https://upload-firebasehosting.googleapis.com/upload/sites/letsask-f4407/versions/289541800b05cb2e/files/f21cac11764c9d647db3c2380e1ca34039b0d5cf51bbb24e3fcb5ef87dbcc40b [stream]
[debug] [2022-03-11T12:49:55.001Z] >>> [apiv2][query] POST https://upload-firebasehosting.googleapis.com/upload/sites/letsask-f4407/versions/289541800b05cb2e/files/622a33d5613d215a60d7aa842effc67680cb17c0c7c3c5f54ced77eaf0a9d556 [none]
[debug] [2022-03-11T12:49:55.002Z] >>> [apiv2][body] POST https://upload-firebasehosting.googleapis.com/upload/sites/letsask-f4407/versions/289541800b05cb2e/files/622a33d5613d215a60d7aa842effc67680cb17c0c7c3c5f54ced77eaf0a9d556 [stream]
[debug] [2022-03-11T12:49:55.003Z] >>> [apiv2][query] POST https://upload-firebasehosting.googleapis.com/upload/sites/letsask-f4407/versions/289541800b05cb2e/files/dbb41c0a87e2ecfc099a263b12d68ca157b81aba053d5db4044aefb749404b1b [none]
[debug] [2022-03-11T12:49:55.003Z] >>> [apiv2][body] POST https://upload-firebasehosting.googleapis.com/upload/sites/letsask-f4407/versions/289541800b05cb2e/files/dbb41c0a87e2ecfc099a263b12d68ca157b81aba053d5db4044aefb749404b1b [stream]
[debug] [2022-03-11T12:49:55.004Z] [hosting][populate queue][FINAL] {"max":1566,"min":1566,"avg":1566,"active":0,"complete":1,"success":1,"errored":0,"retried":0,"total":1,"elapsed":1575}
[debug] [2022-03-11T12:49:55.005Z] [hosting] uploads queued: 4
